PC=00000000 	 SP=0000270f 	 A=000000c8 	 B=00000000 ldc 200

PC=00000001 	 SP=000000c8 	 A=00000000 	 B=00000000 a2sp  00000000

PC=00000002 	 SP=000000c8 	 A=00000005 	 B=00000000 ldc 5

PC=00000003 	 SP=000000c8 	 A=00000000 	 B=00000000 stl 0

PC=00000004 	 SP=000000c8 	 A=00000006 	 B=00000000 ldc 6

PC=00000005 	 SP=000000c8 	 A=00000000 	 B=00000000 stl 1

PC=00000006 	 SP=000000c8 	 A=00000004 	 B=00000000 ldc 4

PC=00000007 	 SP=000000c8 	 A=00000000 	 B=00000000 stl 2

PC=00000008 	 SP=000000c8 	 A=00000000 	 B=00000000 HALT 0

Dumping From Memory!
00000000 	 0000c800 0000000b 00000500 00000003 
00000004 	 00000600 00000103 00000400 00000203 
00000008 	 00000012 00000012 00000000 00000000 
0000000c 	 00000000 00000000 00000000 00000000 
00000010 	 00000000 00000000 00000000 00000000 
00000014 	 00000000 00000000 00000000 00000000 
00000018 	 00000000 00000000 00000000 00000000 
0000001c 	 00000000 00000000 00000000 00000000 
00000020 	 00000000 00000000 00000000 00000000 
00000024 	 00000000 00000000 00000000 00000000 
00000028 	 00000000 00000000 00000000 00000000 
0000002c 	 00000000 00000000 00000000 00000000 
00000030 	 00000000 00000000 00000000 00000000 
00000034 	 00000000 00000000 00000000 00000000 
00000038 	 00000000 00000000 00000000 00000000 
0000003c 	 00000000 00000000 00000000 00000000 
00000040 	 00000000 00000000 00000000 00000000 
00000044 	 00000000 00000000 00000000 00000000 
00000048 	 00000000 00000000 00000000 00000000 
0000004c 	 00000000 00000000 00000000 00000000 
00000050 	 00000000 00000000 00000000 00000000 
00000054 	 00000000 00000000 00000000 00000000 
00000058 	 00000000 00000000 00000000 00000000 
0000005c 	 00000000 00000000 00000000 00000000 
00000060 	 00000000 00000000 00000000 00000000 
00000064 	 00000000 00000000 00000000 00000000 
00000068 	 00000000 00000000 00000000 00000000 
0000006c 	 00000000 00000000 00000000 00000000 
00000070 	 00000000 00000000 00000000 00000000 
00000074 	 00000000 00000000 00000000 00000000 
00000078 	 00000000 00000000 00000000 00000000 
0000007c 	 00000000 00000000 00000000 00000000 
00000080 	 00000000 00000000 00000000 00000000 
00000084 	 00000000 00000000 00000000 00000000 
00000088 	 00000000 00000000 00000000 00000000 
0000008c 	 00000000 00000000 00000000 00000000 
00000090 	 00000000 00000000 00000000 00000000 
00000094 	 00000000 00000000 00000000 00000000 
00000098 	 00000000 00000000 00000000 00000000 
0000009c 	 00000000 00000000 00000000 00000000 
000000a0 	 00000000 00000000 00000000 00000000 
000000a4 	 00000000 00000000 00000000 00000000 
000000a8 	 00000000 00000000 00000000 00000000 
000000ac 	 00000000 00000000 00000000 00000000 
000000b0 	 00000000 00000000 00000000 00000000 
000000b4 	 00000000 00000000 00000000 00000000 
000000b8 	 00000000 00000000 00000000 00000000 
000000bc 	 00000000 00000000 00000000 00000000 
000000c0 	 00000000 00000000 00000000 00000000 
000000c4 	 00000000 00000000 00000000 00000000 
000000c8 	 00000005 00000006 00000004 
